
*** Running vivado
    with args -log pulse_gen.vds -m64 -product Vivado -mode batch -messageDb vivado.pb -notrace -source pulse_gen.tcl


****** Vivado v2024.1 (64-bit)
  **** SW Build 5076996 on Wed May 22 18:36:09 MDT 2024
  **** IP Build 5075265 on Wed May 22 21:45:21 MDT 2024
  **** SharedData Build 5076995 on Wed May 22 18:29:18 MDT 2024
  **** Start of session at: Thu Jan 30 17:16:57 2025
    ** Copyright 1986-2022 Xilinx, Inc. All Rights Reserved.
    ** Copyright 2022-2024 Advanced Micro Devices, Inc. All Rights Reserved.

Sourcing tcl script '/nfs/xilinx/Vivado/2024.1/scripts/Vivado_init.tcl'
source pulse_gen.tcl -notrace
create_project: Time (s): cpu = 00:00:08 ; elapsed = 00:00:09 . Memory (MB): peak = 1640.027 ; gain = 16.867 ; free physical = 2706 ; free virtual = 25416
INFO: [IP_Flow 19-234] Refreshing IP repositories
INFO: [IP_Flow 19-1700] Loaded user IP repository '/nfs/xilinx/vivado-library'.
INFO: [IP_Flow 19-2313] Loaded Vivado IP repository '/nfs/xilinx/Vivado/2024.1/data/ip'.
source /nfs/home/m1info2/Documents/vhdl/tp1/pulse_gen_synth.pre.tcl
Command: read_checkpoint -auto_incremental -incremental /nfs/home/m1info2/Documents/vhdl/tp1/tp1-vivado/tp1-vivado.srcs/utils_1/imports/synth_1/pulse_gen.dcp
INFO: [Vivado 12-5825] Read reference checkpoint from /nfs/home/m1info2/Documents/vhdl/tp1/tp1-vivado/tp1-vivado.srcs/utils_1/imports/synth_1/pulse_gen.dcp for incremental synthesis
INFO: [Vivado 12-7989] Please ensure there are no constraint changes
Command: synth_design -top pulse_gen -part xc7z020clg400-1
Starting synth_design
Attempting to get a license for feature 'Synthesis' and/or device 'xc7z020'
INFO: [Common 17-349] Got license for feature 'Synthesis' and/or device 'xc7z020'
INFO: [Device 21-403] Loading part xc7z020clg400-1
INFO: [Device 21-9227] Part: xc7z020clg400-1 does not have CEAM library.
INFO: [Designutils 20-5440] No compile time benefit to using incremental synthesis; A full resynthesis will be run
INFO: [Designutils 20-4379] Flow is switching to default flow due to incremental criteria not met. If you would like to alter this behaviour and have the flow terminate instead, please set the following parameter config_implementation {autoIncr.Synth.RejectBehavior Terminate}
INFO: [Synth 8-7079] Multithreading enabled for synth_design using a maximum of 4 processes.
INFO: [Synth 8-7078] Launching helper process for spawning children vivado processes
INFO: [Synth 8-7075] Helper process launched with PID 245689
---------------------------------------------------------------------------------
Starting RTL Elaboration : Time (s): cpu = 00:00:03 ; elapsed = 00:00:03 . Memory (MB): peak = 2437.359 ; gain = 411.629 ; free physical = 1556 ; free virtual = 24266
---------------------------------------------------------------------------------
INFO: [Synth 8-638] synthesizing module 'pulse_gen' [/nfs/home/m1info2/Documents/vhdl/tp1/pulse_gen.vhd:26]
	Parameter MAX_CPT bound to: 8 - type: integer 
INFO: [Synth 8-256] done synthesizing module 'pulse_gen' (0#1) [/nfs/home/m1info2/Documents/vhdl/tp1/pulse_gen.vhd:26]
---------------------------------------------------------------------------------
Finished RTL Elaboration : Time (s): cpu = 00:00:04 ; elapsed = 00:00:04 . Memory (MB): peak = 2522.328 ; gain = 496.598 ; free physical = 1468 ; free virtual = 24179
---------------------------------------------------------------------------------
---------------------------------------------------------------------------------
Start Handling Custom Attributes
---------------------------------------------------------------------------------
---------------------------------------------------------------------------------
Finished Handling Custom Attributes : Time (s): cpu = 00:00:04 ; elapsed = 00:00:04 . Memory (MB): peak = 2540.141 ; gain = 514.410 ; free physical = 1464 ; free virtual = 24175
---------------------------------------------------------------------------------
---------------------------------------------------------------------------------
Finished RTL Optimization Phase 1 : Time (s): cpu = 00:00:04 ; elapsed = 00:00:04 . Memory (MB): peak = 2540.141 ; gain = 514.410 ; free physical = 1464 ; free virtual = 24175
---------------------------------------------------------------------------------
Netlist sorting complete. Time (s): cpu = 00:00:00 ; elapsed = 00:00:00 . Memory (MB): peak = 2540.141 ; gain = 0.000 ; free physical = 1464 ; free virtual = 24175
INFO: [Project 1-570] Preparing netlist for logic optimization

Processing XDC Constraints
Initializing timing engine
Parsing XDC File [/nfs/home/m1info2/Documents/vhdl/tp1/tp1-vivado/tp1-vivado.srcs/constrs_1/new/pulse_gen.xdc]
Finished Parsing XDC File [/nfs/home/m1info2/Documents/vhdl/tp1/tp1-vivado/tp1-vivado.srcs/constrs_1/new/pulse_gen.xdc]
INFO: [Project 1-236] Implementation specific constraints were found while reading constraint file [/nfs/home/m1info2/Documents/vhdl/tp1/tp1-vivado/tp1-vivado.srcs/constrs_1/new/pulse_gen.xdc]. These constraints will be ignored for synthesis but will be used in implementation. Impacted constraints are listed in the file [.Xil/pulse_gen_propImpl.xdc].
Resolution: To avoid this warning, move constraints listed in [.Xil/pulse_gen_propImpl.xdc] to another XDC file and exclude this new file from synthesis with the used_in_synthesis property (File Properties dialog in GUI) and re-run elaboration/synthesis.
Completed Processing XDC Constraints

Netlist sorting complete. Time (s): cpu = 00:00:00 ; elapsed = 00:00:00 . Memory (MB): peak = 2651.891 ; gain = 0.000 ; free physical = 1455 ; free virtual = 24166
INFO: [Project 1-111] Unisim Transformation Summary:
No Unisim elements were transformed.

Constraint Validation Runtime : Time (s): cpu = 00:00:00 ; elapsed = 00:00:00 . Memory (MB): peak = 2651.891 ; gain = 0.000 ; free physical = 1455 ; free virtual = 24166
INFO: [Designutils 20-5440] No compile time benefit to using incremental synthesis; A full resynthesis will be run
INFO: [Designutils 20-4379] Flow is switching to default flow due to incremental criteria not met. If you would like to alter this behaviour and have the flow terminate instead, please set the following parameter config_implementation {autoIncr.Synth.RejectBehavior Terminate}
---------------------------------------------------------------------------------
Finished Constraint Validation : Time (s): cpu = 00:00:09 ; elapsed = 00:00:09 . Memory (MB): peak = 2651.891 ; gain = 626.160 ; free physical = 1464 ; free virtual = 24176
---------------------------------------------------------------------------------
---------------------------------------------------------------------------------
Start Loading Part and Timing Information
---------------------------------------------------------------------------------
Loading part: xc7z020clg400-1
---------------------------------------------------------------------------------
Finished Loading Part and Timing Information : Time (s): cpu = 00:00:09 ; elapsed = 00:00:09 . Memory (MB): peak = 2659.895 ; gain = 634.164 ; free physical = 1465 ; free virtual = 24176
---------------------------------------------------------------------------------
---------------------------------------------------------------------------------
Start Applying 'set_property' XDC Constraints
---------------------------------------------------------------------------------
---------------------------------------------------------------------------------
Finished applying 'set_property' XDC Constraints : Time (s): cpu = 00:00:09 ; elapsed = 00:00:09 . Memory (MB): peak = 2659.895 ; gain = 634.164 ; free physical = 1465 ; free virtual = 24176
---------------------------------------------------------------------------------
---------------------------------------------------------------------------------
Finished RTL Optimization Phase 2 : Time (s): cpu = 00:00:09 ; elapsed = 00:00:10 . Memory (MB): peak = 2659.895 ; gain = 634.164 ; free physical = 1465 ; free virtual = 24177
---------------------------------------------------------------------------------
---------------------------------------------------------------------------------
Start RTL Component Statistics 
---------------------------------------------------------------------------------
Detailed RTL Component Info : 
+---Adders : 
	   2 Input    3 Bit       Adders := 1     
+---Registers : 
	                3 Bit    Registers := 1     
	                1 Bit    Registers := 1     
+---Muxes : 
	   2 Input    1 Bit        Muxes := 1     
---------------------------------------------------------------------------------
Finished RTL Component Statistics 
---------------------------------------------------------------------------------
---------------------------------------------------------------------------------
Start Part Resource Summary
---------------------------------------------------------------------------------
Part Resources:
DSPs: 220 (col length:60)
BRAMs: 280 (col length: RAMB18 60 RAMB36 30)
---------------------------------------------------------------------------------
Finished Part Resource Summary
---------------------------------------------------------------------------------
---------------------------------------------------------------------------------
Start Cross Boundary and Area Optimization
---------------------------------------------------------------------------------
WARNING: [Synth 8-7080] Parallel synthesis criteria is not met
---------------------------------------------------------------------------------
Finished Cross Boundary and Area Optimization : Time (s): cpu = 00:00:10 ; elapsed = 00:00:11 . Memory (MB): peak = 2659.895 ; gain = 634.164 ; free physical = 1445 ; free virtual = 24161
---------------------------------------------------------------------------------
---------------------------------------------------------------------------------
Start Applying XDC Timing Constraints
---------------------------------------------------------------------------------
---------------------------------------------------------------------------------
Finished Applying XDC Timing Constraints : Time (s): cpu = 00:00:15 ; elapsed = 00:00:15 . Memory (MB): peak = 2659.895 ; gain = 634.164 ; free physical = 1449 ; free virtual = 24165
---------------------------------------------------------------------------------
---------------------------------------------------------------------------------
Start Timing Optimization
---------------------------------------------------------------------------------
---------------------------------------------------------------------------------
Finished Timing Optimization : Time (s): cpu = 00:00:15 ; elapsed = 00:00:15 . Memory (MB): peak = 2659.895 ; gain = 634.164 ; free physical = 1449 ; free virtual = 24165
---------------------------------------------------------------------------------
---------------------------------------------------------------------------------
Start Technology Mapping
---------------------------------------------------------------------------------
---------------------------------------------------------------------------------
Finished Technology Mapping : Time (s): cpu = 00:00:15 ; elapsed = 00:00:15 . Memory (MB): peak = 2659.895 ; gain = 634.164 ; free physical = 1449 ; free virtual = 24165
---------------------------------------------------------------------------------
---------------------------------------------------------------------------------
Start IO Insertion
---------------------------------------------------------------------------------
---------------------------------------------------------------------------------
Start Flattening Before IO Insertion
---------------------------------------------------------------------------------
---------------------------------------------------------------------------------
Finished Flattening Before IO Insertion
---------------------------------------------------------------------------------
---------------------------------------------------------------------------------
Start Final Netlist Cleanup
---------------------------------------------------------------------------------
---------------------------------------------------------------------------------
Finished Final Netlist Cleanup
---------------------------------------------------------------------------------
---------------------------------------------------------------------------------
Finished IO Insertion : Time (s): cpu = 00:00:18 ; elapsed = 00:00:18 . Memory (MB): peak = 2659.895 ; gain = 634.164 ; free physical = 1451 ; free virtual = 24167
---------------------------------------------------------------------------------
---------------------------------------------------------------------------------
Start Renaming Generated Instances
---------------------------------------------------------------------------------
---------------------------------------------------------------------------------
Finished Renaming Generated Instances : Time (s): cpu = 00:00:18 ; elapsed = 00:00:18 . Memory (MB): peak = 2659.895 ; gain = 634.164 ; free physical = 1451 ; free virtual = 24167
---------------------------------------------------------------------------------
---------------------------------------------------------------------------------
Start Rebuilding User Hierarchy
---------------------------------------------------------------------------------
---------------------------------------------------------------------------------
Finished Rebuilding User Hierarchy : Time (s): cpu = 00:00:18 ; elapsed = 00:00:18 . Memory (MB): peak = 2659.895 ; gain = 634.164 ; free physical = 1451 ; free virtual = 24167
---------------------------------------------------------------------------------
---------------------------------------------------------------------------------
Start Renaming Generated Ports
---------------------------------------------------------------------------------
---------------------------------------------------------------------------------
Finished Renaming Generated Ports : Time (s): cpu = 00:00:18 ; elapsed = 00:00:18 . Memory (MB): peak = 2659.895 ; gain = 634.164 ; free physical = 1451 ; free virtual = 24167
---------------------------------------------------------------------------------
---------------------------------------------------------------------------------
Start Handling Custom Attributes
---------------------------------------------------------------------------------
---------------------------------------------------------------------------------
Finished Handling Custom Attributes : Time (s): cpu = 00:00:18 ; elapsed = 00:00:18 . Memory (MB): peak = 2659.895 ; gain = 634.164 ; free physical = 1451 ; free virtual = 24167
---------------------------------------------------------------------------------
---------------------------------------------------------------------------------
Start Renaming Generated Nets
---------------------------------------------------------------------------------
---------------------------------------------------------------------------------
Finished Renaming Generated Nets : Time (s): cpu = 00:00:18 ; elapsed = 00:00:18 . Memory (MB): peak = 2659.895 ; gain = 634.164 ; free physical = 1451 ; free virtual = 24167
---------------------------------------------------------------------------------
---------------------------------------------------------------------------------
Start Writing Synthesis Report
---------------------------------------------------------------------------------

Report BlackBoxes: 
+-+--------------+----------+
| |BlackBox name |Instances |
+-+--------------+----------+
+-+--------------+----------+

Report Cell Usage: 
+------+-----+------+
|      |Cell |Count |
+------+-----+------+
|1     |BUFG |     1|
|2     |LUT1 |     1|
|3     |LUT2 |     1|
|4     |LUT3 |     2|
|5     |LUT4 |     1|
|6     |FDRE |     4|
|7     |IBUF |     2|
|8     |OBUF |     1|
+------+-----+------+
---------------------------------------------------------------------------------
Finished Writing Synthesis Report : Time (s): cpu = 00:00:18 ; elapsed = 00:00:18 . Memory (MB): peak = 2659.895 ; gain = 634.164 ; free physical = 1451 ; free virtual = 24167
---------------------------------------------------------------------------------
Synthesis finished with 0 errors, 0 critical warnings and 1 warnings.
Synthesis Optimization Runtime : Time (s): cpu = 00:00:16 ; elapsed = 00:00:17 . Memory (MB): peak = 2659.895 ; gain = 522.414 ; free physical = 1450 ; free virtual = 24166
Synthesis Optimization Complete : Time (s): cpu = 00:00:18 ; elapsed = 00:00:18 . Memory (MB): peak = 2659.902 ; gain = 634.164 ; free physical = 1450 ; free virtual = 24166
INFO: [Project 1-571] Translating synthesized netlist
Netlist sorting complete. Time (s): cpu = 00:00:00 ; elapsed = 00:00:00 . Memory (MB): peak = 2659.902 ; gain = 0.000 ; free physical = 1790 ; free virtual = 24506
INFO: [Project 1-570] Preparing netlist for logic optimization
INFO: [Opt 31-138] Pushed 0 inverter(s) to 0 load pin(s).
Netlist sorting complete. Time (s): cpu = 00:00:00 ; elapsed = 00:00:00 . Memory (MB): peak = 2715.922 ; gain = 0.000 ; free physical = 1796 ; free virtual = 24512
INFO: [Project 1-111] Unisim Transformation Summary:
No Unisim elements were transformed.

Synth Design complete | Checksum: 885f7124
INFO: [Common 17-83] Releasing license: Synthesis
25 Infos, 1 Warnings, 0 Critical Warnings and 0 Errors encountered.
synth_design completed successfully
synth_design: Time (s): cpu = 00:00:24 ; elapsed = 00:00:24 . Memory (MB): peak = 2715.922 ; gain = 1055.082 ; free physical = 1796 ; free virtual = 24512
INFO: [Common 17-2834] synth_design peak Physical Memory [PSS] (MB): overall = 1998.464; main = 1617.998; forked = 438.414
INFO: [Common 17-2834] synth_design peak Virtual Memory [VSS] (MB): overall = 4397.090; main = 2715.926; forked = 1737.191
Write ShapeDB Complete: Time (s): cpu = 00:00:00 ; elapsed = 00:00:00 . Memory (MB): peak = 2739.934 ; gain = 0.000 ; free physical = 1796 ; free virtual = 24512
INFO: [Common 17-1381] The checkpoint '/nfs/home/m1info2/Documents/vhdl/tp1/tp1-vivado/tp1-vivado.runs/synth_1/pulse_gen.dcp' has been generated.
INFO: [Vivado 12-24828] Executing command : report_utilization -file pulse_gen_utilization_synth.rpt -pb pulse_gen_utilization_synth.pb
INFO: [Common 17-206] Exiting Vivado at Thu Jan 30 17:17:34 2025...
