#-----------------------------------------------------------
# Vivado v2024.1 (64-bit)
# SW Build 5076996 on Wed May 22 18:36:09 MDT 2024
# IP Build 5075265 on Wed May 22 21:45:21 MDT 2024
# SharedData Build 5076995 on Wed May 22 18:29:18 MDT 2024
# Start of session at: Thu Feb  6 16:04:31 2025
# Process ID: 291616
# Current directory: /nfs/home/m1info2/Documents/vhdl/tp1
# Command line: vivado
# Log file: /nfs/home/m1info2/Documents/vhdl/tp1/vivado.log
# Journal file: /nfs/home/m1info2/Documents/vhdl/tp1/vivado.jou
# Running On        :secil3.siame.univ-tlse3.fr
# Platform          :Fedora
# Operating System  :Fedora Linux 40 (Forty)
# Processor Detail  :Intel(R) Core(TM) i7-10700T CPU @ 2.00GHz
# CPU Frequency     :800.098 MHz
# CPU Physical cores:8
# CPU Logical cores :16
# Host memory       :16455 MB
# Swap memory       :16888 MB
# Total Virtual     :33343 MB
# Available Virtual :30138 MB
#-----------------------------------------------------------
start_gui
xterm: Xt error: Can't open display: 
xterm: DISPLAY is not set
ERROR: [Common 17-1374] Display test failed. Please check DISPLAY environment variable and X server permissions for remote display.
ls
WARNING: [Common 17-259] Unknown Tcl command 'ls' sending command to the OS shell for execution. It is recommended to use 'exec' to send the command to the OS shell.
