
*** Running vivado
    with args -log fifo.vds -m64 -product Vivado -mode batch -messageDb vivado.pb -notrace -source fifo.tcl


****** Vivado v2024.1 (64-bit)
  **** SW Build 5076996 on Wed May 22 18:36:09 MDT 2024
  **** IP Build 5075265 on Wed May 22 21:45:21 MDT 2024
  **** SharedData Build 5076995 on Wed May 22 18:29:18 MDT 2024
  **** Start of session at: Fri Feb 14 10:38:50 2025
    ** Copyright 1986-2022 Xilinx, Inc. All Rights Reserved.
    ** Copyright 2022-2024 Advanced Micro Devices, Inc. All Rights Reserved.

Sourcing tcl script '/nfs/xilinx/Vivado/2024.1/scripts/Vivado_init.tcl'
source fifo.tcl -notrace
create_project: Time (s): cpu = 00:00:08 ; elapsed = 00:00:09 . Memory (MB): peak = 1640.031 ; gain = 16.867 ; free physical = 9182 ; free virtual = 28710
INFO: [IP_Flow 19-234] Refreshing IP repositories
INFO: [IP_Flow 19-1700] Loaded user IP repository '/nfs/xilinx/vivado-library'.
INFO: [IP_Flow 19-2313] Loaded Vivado IP repository '/nfs/xilinx/Vivado/2024.1/data/ip'.
Command: synth_design -top fifo -part xc7z010iclg225-1L
Starting synth_design
Attempting to get a license for feature 'Synthesis' and/or device 'xc7z010i'
INFO: [Common 17-349] Got license for feature 'Synthesis' and/or device 'xc7z010i'
INFO: [Synth 8-7079] Multithreading enabled for synth_design using a maximum of 4 processes.
INFO: [Synth 8-7078] Launching helper process for spawning children vivado processes
INFO: [Synth 8-7075] Helper process launched with PID 414307
---------------------------------------------------------------------------------
Starting Synthesize : Time (s): cpu = 00:00:03 ; elapsed = 00:00:03 . Memory (MB): peak = 2087.379 ; gain = 427.535 ; free physical = 8346 ; free virtual = 27870
---------------------------------------------------------------------------------
INFO: [Synth 8-638] synthesizing module 'fifo' [/nfs/home/m1info2/Documents/vhdl/tp7/fifo.0.vhd:47]
INFO: [Synth 8-256] done synthesizing module 'fifo' (0#1) [/nfs/home/m1info2/Documents/vhdl/tp7/fifo.0.vhd:47]
---------------------------------------------------------------------------------
Finished Synthesize : Time (s): cpu = 00:00:04 ; elapsed = 00:00:05 . Memory (MB): peak = 2163.348 ; gain = 503.504 ; free physical = 8240 ; free virtual = 27771
---------------------------------------------------------------------------------
---------------------------------------------------------------------------------
Finished Constraint Validation : Time (s): cpu = 00:00:05 ; elapsed = 00:00:05 . Memory (MB): peak = 2178.191 ; gain = 518.348 ; free physical = 8244 ; free virtual = 27775
---------------------------------------------------------------------------------
---------------------------------------------------------------------------------
Start Loading Part and Timing Information
---------------------------------------------------------------------------------
Loading part: xc7z010iclg225-1L
---------------------------------------------------------------------------------
Finished Loading Part and Timing Information : Time (s): cpu = 00:00:05 ; elapsed = 00:00:05 . Memory (MB): peak = 2186.195 ; gain = 526.352 ; free physical = 8244 ; free virtual = 27775
---------------------------------------------------------------------------------
INFO: [Device 21-403] Loading part xc7z010iclg225-1L
---------------------------------------------------------------------------------
Finished RTL Optimization Phase 2 : Time (s): cpu = 00:00:05 ; elapsed = 00:00:05 . Memory (MB): peak = 2195.102 ; gain = 535.258 ; free physical = 8234 ; free virtual = 27767
---------------------------------------------------------------------------------
No constraint files found.
---------------------------------------------------------------------------------
Start RTL Component Statistics 
---------------------------------------------------------------------------------
Detailed RTL Component Info : 
+---Adders : 
	   2 Input    3 Bit       Adders := 2     
+---Registers : 
	                1 Bit    Registers := 3     
+---RAMs : 
	              256 Bit	(8 X 32 bit)          RAMs := 1     
+---Muxes : 
	   2 Input    1 Bit        Muxes := 4     
---------------------------------------------------------------------------------
Finished RTL Component Statistics 
---------------------------------------------------------------------------------
---------------------------------------------------------------------------------
Start Part Resource Summary
---------------------------------------------------------------------------------
INFO: [Device 21-9227] Part: xc7z010iclg225-1L does not have CEAM library.
Part Resources:
DSPs: 80 (col length:40)
BRAMs: 120 (col length: RAMB18 40 RAMB36 20)
---------------------------------------------------------------------------------
Finished Part Resource Summary
---------------------------------------------------------------------------------
No constraint files found.
---------------------------------------------------------------------------------
Start Cross Boundary and Area Optimization
---------------------------------------------------------------------------------
WARNING: [Synth 8-7080] Parallel synthesis criteria is not met
---------------------------------------------------------------------------------
Finished Cross Boundary and Area Optimization : Time (s): cpu = 00:00:09 ; elapsed = 00:00:11 . Memory (MB): peak = 2337.562 ; gain = 677.719 ; free physical = 8045 ; free virtual = 27615
---------------------------------------------------------------------------------
---------------------------------------------------------------------------------
Start ROM, RAM, DSP, Shift Register and Retiming Reporting
---------------------------------------------------------------------------------

Distributed RAM: Preliminary Mapping Report (see note below)
+------------+------------+-----------+----------------------+-------------+
|Module Name | RTL Object | Inference | Size (Depth x Width) | Primitives  | 
+------------+------------+-----------+----------------------+-------------+
|fifo        | REGS_reg   | Implied   | 8 x 32               | RAM32M x 6  | 
+------------+------------+-----------+----------------------+-------------+

Note: The table above is a preliminary report that shows the Distributed RAMs at the current stage of the synthesis flow. Some Distributed RAMs may be reimplemented as non Distributed RAM primitives later in the synthesis flow. Multiple instantiated RAMs are reported only once.
---------------------------------------------------------------------------------
Finished ROM, RAM, DSP, Shift Register and Retiming Reporting
---------------------------------------------------------------------------------
No constraint files found.
---------------------------------------------------------------------------------
Start Timing Optimization
---------------------------------------------------------------------------------
---------------------------------------------------------------------------------
Finished Timing Optimization : Time (s): cpu = 00:00:09 ; elapsed = 00:00:11 . Memory (MB): peak = 2337.562 ; gain = 677.719 ; free physical = 8044 ; free virtual = 27615
---------------------------------------------------------------------------------
---------------------------------------------------------------------------------
Start ROM, RAM, DSP, Shift Register and Retiming Reporting
---------------------------------------------------------------------------------

Distributed RAM: Final Mapping Report
+------------+------------+-----------+----------------------+-------------+
|Module Name | RTL Object | Inference | Size (Depth x Width) | Primitives  | 
+------------+------------+-----------+----------------------+-------------+
|fifo        | REGS_reg   | Implied   | 8 x 32               | RAM32M x 6  | 
+------------+------------+-----------+----------------------+-------------+

---------------------------------------------------------------------------------
Finished ROM, RAM, DSP, Shift Register and Retiming Reporting
---------------------------------------------------------------------------------
---------------------------------------------------------------------------------
Start Technology Mapping
---------------------------------------------------------------------------------
---------------------------------------------------------------------------------
Finished Technology Mapping : Time (s): cpu = 00:00:09 ; elapsed = 00:00:11 . Memory (MB): peak = 2337.562 ; gain = 677.719 ; free physical = 8044 ; free virtual = 27615
---------------------------------------------------------------------------------
---------------------------------------------------------------------------------
Start IO Insertion
---------------------------------------------------------------------------------
---------------------------------------------------------------------------------
Start Flattening Before IO Insertion
---------------------------------------------------------------------------------
---------------------------------------------------------------------------------
Finished Flattening Before IO Insertion
---------------------------------------------------------------------------------
---------------------------------------------------------------------------------
Start Final Netlist Cleanup
---------------------------------------------------------------------------------
---------------------------------------------------------------------------------
Finished Final Netlist Cleanup
---------------------------------------------------------------------------------
---------------------------------------------------------------------------------
Finished IO Insertion : Time (s): cpu = 00:00:12 ; elapsed = 00:00:14 . Memory (MB): peak = 2337.562 ; gain = 677.719 ; free physical = 8037 ; free virtual = 27611
---------------------------------------------------------------------------------
---------------------------------------------------------------------------------
Start Renaming Generated Instances
---------------------------------------------------------------------------------
---------------------------------------------------------------------------------
Finished Renaming Generated Instances : Time (s): cpu = 00:00:12 ; elapsed = 00:00:14 . Memory (MB): peak = 2337.562 ; gain = 677.719 ; free physical = 8037 ; free virtual = 27611
---------------------------------------------------------------------------------
---------------------------------------------------------------------------------
Start Rebuilding User Hierarchy
---------------------------------------------------------------------------------
---------------------------------------------------------------------------------
Finished Rebuilding User Hierarchy : Time (s): cpu = 00:00:12 ; elapsed = 00:00:14 . Memory (MB): peak = 2337.562 ; gain = 677.719 ; free physical = 8037 ; free virtual = 27611
---------------------------------------------------------------------------------
---------------------------------------------------------------------------------
Start Renaming Generated Ports
---------------------------------------------------------------------------------
---------------------------------------------------------------------------------
Finished Renaming Generated Ports : Time (s): cpu = 00:00:12 ; elapsed = 00:00:14 . Memory (MB): peak = 2337.562 ; gain = 677.719 ; free physical = 8037 ; free virtual = 27611
---------------------------------------------------------------------------------
---------------------------------------------------------------------------------
Start Handling Custom Attributes
---------------------------------------------------------------------------------
---------------------------------------------------------------------------------
Finished Handling Custom Attributes : Time (s): cpu = 00:00:12 ; elapsed = 00:00:14 . Memory (MB): peak = 2337.562 ; gain = 677.719 ; free physical = 8037 ; free virtual = 27611
---------------------------------------------------------------------------------
---------------------------------------------------------------------------------
Start Renaming Generated Nets
---------------------------------------------------------------------------------
---------------------------------------------------------------------------------
Finished Renaming Generated Nets : Time (s): cpu = 00:00:12 ; elapsed = 00:00:14 . Memory (MB): peak = 2337.562 ; gain = 677.719 ; free physical = 8037 ; free virtual = 27611
---------------------------------------------------------------------------------
---------------------------------------------------------------------------------
Start Writing Synthesis Report
---------------------------------------------------------------------------------

Report BlackBoxes: 
+-+--------------+----------+
| |BlackBox name |Instances |
+-+--------------+----------+
+-+--------------+----------+

Report Cell Usage: 
+------+---------+------+
|      |Cell     |Count |
+------+---------+------+
|1     |BUFG     |     1|
|2     |LUT1     |     1|
|3     |LUT2     |     3|
|4     |LUT3     |     3|
|5     |LUT4     |     1|
|6     |LUT5     |     3|
|7     |LUT6     |     5|
|8     |RAM32M   |     5|
|9     |RAM32X1D |     2|
|10    |FDRE     |    41|
|11    |IBUF     |    36|
|12    |OBUF     |     3|
|13    |OBUFT    |    32|
+------+---------+------+

Report Instance Areas: 
+------+---------+-------+------+
|      |Instance |Module |Cells |
+------+---------+-------+------+
|1     |top      |       |   136|
+------+---------+-------+------+
---------------------------------------------------------------------------------
Finished Writing Synthesis Report : Time (s): cpu = 00:00:12 ; elapsed = 00:00:14 . Memory (MB): peak = 2337.562 ; gain = 677.719 ; free physical = 8037 ; free virtual = 27611
---------------------------------------------------------------------------------
Synthesis finished with 0 errors, 0 critical warnings and 1 warnings.
Synthesis Optimization Runtime : Time (s): cpu = 00:00:12 ; elapsed = 00:00:14 . Memory (MB): peak = 2337.562 ; gain = 677.719 ; free physical = 8037 ; free virtual = 27611
Synthesis Optimization Complete : Time (s): cpu = 00:00:12 ; elapsed = 00:00:14 . Memory (MB): peak = 2337.570 ; gain = 677.719 ; free physical = 8037 ; free virtual = 27611
INFO: [Project 1-571] Translating synthesized netlist
Netlist sorting complete. Time (s): cpu = 00:00:00 ; elapsed = 00:00:00 . Memory (MB): peak = 2338.082 ; gain = 0.000 ; free physical = 8411 ; free virtual = 27990
INFO: [Netlist 29-17] Analyzing 7 Unisim elements for replacement
INFO: [Netlist 29-28] Unisim Transformation completed in 0 CPU seconds
INFO: [Project 1-570] Preparing netlist for logic optimization
INFO: [Opt 31-138] Pushed 0 inverter(s) to 0 load pin(s).
Netlist sorting complete. Time (s): cpu = 00:00:00 ; elapsed = 00:00:00 . Memory (MB): peak = 2463.770 ; gain = 0.000 ; free physical = 8356 ; free virtual = 27949
INFO: [Project 1-111] Unisim Transformation Summary:
  A total of 7 instances were transformed.
  RAM32M => RAM32M (RAMD32(x6), RAMS32(x2)): 5 instances
  RAM32X1D => RAM32X1D (RAMD32(x2)): 2 instances

Synth Design complete | Checksum: 1db14e67
INFO: [Common 17-83] Releasing license: Synthesis
18 Infos, 1 Warnings, 0 Critical Warnings and 0 Errors encountered.
synth_design completed successfully
synth_design: Time (s): cpu = 00:00:15 ; elapsed = 00:00:15 . Memory (MB): peak = 2463.770 ; gain = 819.770 ; free physical = 8356 ; free virtual = 27949
INFO: [Common 17-2834] synth_design peak Physical Memory [PSS] (MB): overall = 1802.555; main = 1477.767; forked = 494.392
INFO: [Common 17-2834] synth_design peak Virtual Memory [VSS] (MB): overall = 4050.734; main = 2463.773; forked = 1737.191
Write ShapeDB Complete: Time (s): cpu = 00:00:00 ; elapsed = 00:00:00.01 . Memory (MB): peak = 2487.781 ; gain = 0.000 ; free physical = 8358 ; free virtual = 27951
INFO: [Common 17-1381] The checkpoint '/nfs/home/m1info2/Documents/vhdl/tp7/projet_tp7/projet_tp7.runs/synth_1/fifo.dcp' has been generated.
INFO: [Vivado 12-24828] Executing command : report_utilization -file fifo_utilization_synth.rpt -pb fifo_utilization_synth.pb
INFO: [Common 17-206] Exiting Vivado at Fri Feb 14 10:39:19 2025...
